<?xml version="1.0" encoding="UTF-8"?>
<beans:beans xmlns="http://www.springframework.org/schema/beans" xmlns:xsi="http://www.w3.org/2001/XMLSchema-instance" xmlns:mvc="http://www.springframework.org/schema/mvc" xmlns:beans="http://www.springframework.org/schema/beans"
	xmlns:context="http://www.springframework.org/schema/context" xmlns:tx="http://www.springframework.org/schema/tx" xmlns:security="http://www.springframework.org/schema/security"
	xsi:schemaLocation="http://www.springframework.org/schema/mvc http://www.springframework.org/schema/mvc/spring-mvc.xsd
		http://www.springframework.org/schema/beans http://www.springframework.org/schema/beans/spring-beans.xsd
		http://www.springframework.org/schema/context http://www.springframework.org/schema/context/spring-context.xsd
		http://www.springframework.org/schema/tx http://www.springframework.org/schema/tx/spring-tx.xsd
		http://www.springframework.org/schema/security http://www.springframework.org/schema/security/spring-security.xsd">

	<!-- Enables the Spring MVC @Controller programming model -->
	<mvc:annotation-driven />

	<!-- Enable @Transactional support -->
	<tx:annotation-driven />

	<context:component-scan base-package="com.lacueva.control.bean, com.lacueva.control.dao, com.lacueva.control.security" />

	<context:property-placeholder location="classpath:persistence-test.properties" />

	<beans:bean id="entityManagerFactory" class="org.springframework.orm.jpa.LocalContainerEntityManagerFactoryBean">
		<beans:property name="dataSource" ref="dataSource" />
		<beans:property name="jpaVendorAdapter">
			<beans:bean class="org.springframework.orm.jpa.vendor.HibernateJpaVendorAdapter" />
		</beans:property>
	</beans:bean>

	<beans:bean id="dataSource" class="org.springframework.jdbc.datasource.DriverManagerDataSource">
		<beans:property name="driverClassName" value="${jdbc.driverClassName}" />
		<beans:property name="url" value="${jdbc.url}" />
		<beans:property name="username" value="${jdbc.user}" />
		<beans:property name="password" value="${jdbc.pass}" />
	</beans:bean>

	<beans:bean id="transactionManager" class="org.springframework.orm.jpa.JpaTransactionManager">
		<beans:property name="entityManagerFactory" ref="entityManagerFactory" />
	</beans:bean>

	<bean id="encoder" class="org.springframework.security.crypto.password.StandardPasswordEncoder" />

	<security:authentication-manager>
		<security:authentication-provider user-service-ref="userDetailsService">
			<security:password-encoder ref="encoder" />
		</security:authentication-provider>
	</security:authentication-manager>

</beans:beans>
